2023-08-06 04:58:40.062193 - Initialized conversion of CBT513
2023-08-06 04:58:40.310535 - Received CBT.V505.FILE513.PDS from FILE513.XMI 
2023-08-06 04:58:40.312713 - Found $$$#DATE.txt (text/plain) in CBT.V505.FILE513.PDS, moved to PDS/$$$#DATE
2023-08-06 04:58:40.313685 - Found $$ASM.txt (text/plain) in CBT.V505.FILE513.PDS, moved to PDS/$$ASM
2023-08-06 04:58:40.314590 - Found $$DOC.txt (text/plain) in CBT.V505.FILE513.PDS, moved to PDS/$$DOC
2023-08-06 04:58:40.315486 - Found @FILE513.txt (text/plain) in CBT.V505.FILE513.PDS, moved to PDS/@FILE513
2023-08-06 04:58:40.316765 - Found @MVSX08.txt (text/plain) in CBT.V505.FILE513.PDS, moved to PDS/@MVSX08
2023-08-06 04:58:40.317776 - Found FIN.txt (text/plain) in CBT.V505.FILE513.PDS, moved to PDS/FIN
2023-08-06 04:58:40.318720 - Found INFECHAA.txt (text/plain) in CBT.V505.FILE513.PDS, moved to PDS/INFECHAA
2023-08-06 04:58:40.319629 - Found INFECHSA.txt (text/plain) in CBT.V505.FILE513.PDS, moved to PDS/INFECHSA
2023-08-06 04:58:40.320490 - Found INICIO.txt (text/plain) in CBT.V505.FILE513.PDS, moved to PDS/INICIO
2023-08-06 04:58:40.321388 - Found MDALDIN.txt (text/plain) in CBT.V505.FILE513.PDS, moved to PDS/MDALDIN
2023-08-06 04:58:40.322294 - Found MDCATSI.txt (text/plain) in CBT.V505.FILE513.PDS, moved to PDS/MDCATSI
2023-08-06 04:58:40.323339 - Found MDCVLOG.txt (text/plain) in CBT.V505.FILE513.PDS, moved to PDS/MDCVLOG
2023-08-06 04:58:40.324261 - Found MDFECHA.txt (text/plain) in CBT.V505.FILE513.PDS, moved to PDS/MDFECHA
2023-08-06 04:58:40.325271 - Found MDFECHS.txt (text/plain) in CBT.V505.FILE513.PDS, moved to PDS/MDFECHS
2023-08-06 04:58:40.326254 - Found MDTPUT.txt (text/plain) in CBT.V505.FILE513.PDS, moved to PDS/MDTPUT
2023-08-06 04:58:40.327233 - Found OPERLOG.txt (text/plain) in CBT.V505.FILE513.PDS, moved to PDS/OPERLOG
2023-08-06 04:58:40.328224 - Found SYVERLOG.txt (text/plain) in CBT.V505.FILE513.PDS, moved to PDS/SYVERLOG
2023-08-06 04:58:40.329203 - Found VERLOG.txt (text/plain) in CBT.V505.FILE513.PDS, moved to PDS/VERLOG
2023-08-06 04:58:40.330135 - Found VLOGH00.txt (text/plain) in CBT.V505.FILE513.PDS, moved to PDS/VLOGH00
2023-08-06 04:58:40.331011 - Found VLOGP00.txt (text/plain) in CBT.V505.FILE513.PDS, moved to PDS/VLOGP00
2023-08-06 04:58:40.332972 - De-xmi-ed VPWDOC to CBT513/docs/VPWDOC.doc
